⚠ ./laragon/www/ai-tools-explorer/web/instrumentation.ts:21:29
Ecmascript file had an error
  19 |     // Additional check to ensure we're not in Edge Runtime
  20 |     // Note: process.versions check warnings are expected for instrumentation
> 21 |     if (process.versions && process.versions.node) {
     |                             ^^^^^^^^^^^^^^^^
  22 |       // Import server-only code - these warnings are expected for instrumentation
  23 |       const { setupServerInstrumentation } = await import('./lib/server-instrumentation');
  24 |       await setupServerInstrumentation();

A Node.js API is used (process.versions at line: 21) which is not supported in the Edge Runtime.
Learn more: https://nextjs.org/docs/api-reference/edge-runtime


 ⚠ ./laragon/www/ai-tools-explorer/web/lib/server-instrumentation.ts:18:3
Ecmascript file had an error
  16 |   // Note: process.on warnings are expected for server-side instrumentation
  17 |   // webpackIgnore - Next.js bundler warning for Node.js API usage in instrumentation
> 18 |   process.on('uncaughtException', (error) => {
     |   ^^^^^^^^^^
  19 |     errorRegistry.logError(error, {
  20 |       source: 'server-uncaught-exception',
  21 |       nodeVersion: process.version,

A Node.js API is used (process.on at line: 18) which is not supported in the Edge Runtime.
Learn more: https://nextjs.org/docs/api-reference/edge-runtime

Import trace:
  Edge Instrumentation:
    ./laragon/www/ai-tools-explorer/web/lib/server-instrumentation.ts
    ./laragon/www/ai-tools-explorer/web/instrumentation.ts


 ⚠ ./laragon/www/ai-tools-explorer/web/lib/server-instrumentation.ts:29:3
Ecmascript file had an error
  27 |   // Note: process.on warnings are expected for server-side instrumentation
  28 |   // webpackIgnore - Next.js bundler warning for Node.js API usage in instrumentation
> 29 |   process.on('unhandledRejection', (reason, promise) => {
     |   ^^^^^^^^^^
  30 |     const error = reason instanceof Error
  31 |       ? reason
  32 |       : new Error(`Unhandled promise rejection: ${String(reason)}`);

A Node.js API is used (process.on at line: 29) which is not supported in the Edge Runtime.
Learn more: https://nextjs.org/docs/api-reference/edge-runtime

Import trace:
  Edge Instrumentation:
    ./laragon/www/ai-tools-explorer/web/lib/server-instrumentation.ts
    ./laragon/www/ai-tools-explorer/web/instrumentation.ts


 ⚠ ./laragon/www/ai-tools-explorer/web/lib/server-instrumentation.ts:22:17
Ecmascript file had an error
  20 |       source: 'server-uncaught-exception',
  21 |       nodeVersion: process.version,
> 22 |       platform: process.platform,
     |                 ^^^^^^^^^^^^^^^^
  23 |     });
  24 |   });
  25 |

A Node.js API is used (process.platform at line: 22) which is not supported in the Edge Runtime.
Learn more: https://nextjs.org/docs/api-reference/edge-runtime

Import trace:
  Edge Instrumentation:
    ./laragon/www/ai-tools-explorer/web/lib/server-instrumentation.ts
    ./laragon/www/ai-tools-explorer/web/instrumentation.ts


 ⚠ ./laragon/www/ai-tools-explorer/web/lib/server-instrumentation.ts:46:15
Ecmascript file had an error
  44 |   errorRegistry.logInfo('Next.js server instrumentation initialized', {
  45 |     nodeVersion: process.version,
> 46 |     platform: process.platform,
     |               ^^^^^^^^^^^^^^^^
  47 |     environment: process.env.NODE_ENV,
  48 |     timestamp: new Date().toISOString(),
  49 |   });

A Node.js API is used (process.platform at line: 46) which is not supported in the Edge Runtime.
Learn more: https://nextjs.org/docs/api-reference/edge-runtime

Import trace:
  Edge Instrumentation:
    ./laragon/www/ai-tools-explorer/web/lib/server-instrumentation.ts
    ./laragon/www/ai-tools-explorer/web/instrumentation.ts


 ⚠ ./laragon/www/ai-tools-explorer/web/lib/server-instrumentation.ts:21:20
Ecmascript file had an error
  19 |     errorRegistry.logError(error, {
  20 |       source: 'server-uncaught-exception',
> 21 |       nodeVersion: process.version,
     |                    ^^^^^^^^^^^^^^^
  22 |       platform: process.platform,
  23 |     });
  24 |   });

A Node.js API is used (process.version at line: 21) which is not supported in the Edge Runtime.
Learn more: https://nextjs.org/docs/api-reference/edge-runtime

Import trace:
  Edge Instrumentation:
    ./laragon/www/ai-tools-explorer/web/lib/server-instrumentation.ts
    ./laragon/www/ai-tools-explorer/web/instrumentation.ts


 ⚠ ./laragon/www/ai-tools-explorer/web/lib/server-instrumentation.ts:45:18
Ecmascript file had an error
  43 |   // Note: process.version/platform warnings are expected for server-side instrumentation
  44 |   errorRegistry.logInfo('Next.js server instrumentation initialized', {
> 45 |     nodeVersion: process.version,
     |                  ^^^^^^^^^^^^^^^
  46 |     platform: process.platform,
  47 |     environment: process.env.NODE_ENV,
  48 |     timestamp: new Date().toISOString(),

A Node.js API is used (process.version at line: 45) which is not supported in the Edge Runtime.
Learn more: https://nextjs.org/docs/api-reference/edge-runtime

Import trace:
  Edge Instrumentation:
    ./laragon/www/ai-tools-explorer/web/lib/server-instrumentation.ts
    ./laragon/www/ai-tools-explorer/web/instrumentation.ts
